<?xml version="1.0" encoding="UTF-8"?>
<testng-results skipped="0" failed="0" ignored="0" total="1" passed="1">
  <reporter-output>
  </reporter-output>
  <suite name="Pulse Test Automation" duration-ms="4299" started-at="2020-07-29T13:52:45Z" finished-at="2020-07-29T13:52:50Z">
    <groups>
    </groups>
    <test name="Login Test" duration-ms="4299" started-at="2020-07-29T13:52:45Z" finished-at="2020-07-29T13:52:50Z">
      <class name="com.manifest.TestCases.LoginTest">
        <test-method status="PASS" signature="loginTest(java.util.Hashtable)[pri:0, instance:com.manifest.TestCases.LoginTest@1e044120]" name="loginTest" duration-ms="4018" started-at="2020-07-29T19:22:45Z" data-provider="dp" finished-at="2020-07-29T19:22:49Z">
          <params>
            <param index="0">
              <value>
                <![CDATA[{password=dana123, runmode=Y, username=admindb}]]>
              </value>
            </param>
          </params>
          <reporter-output>
          </reporter-output>
        </test-method> <!-- loginTest -->
        <test-method status="PASS" signature="tearDown()[pri:0, instance:com.manifest.TestCases.LoginTest@1e044120]" name="tearDown" is-config="true" duration-ms="138" started-at="2020-07-29T19:22:50Z" finished-at="2020-07-29T19:22:50Z">
          <reporter-output>
          </reporter-output>
        </test-method> <!-- tearDown -->
      </class> <!-- com.manifest.TestCases.LoginTest -->
    </test> <!-- Login Test -->
  </suite> <!-- Pulse Test Automation -->
</testng-results>
