<?xml version="1.0" encoding="UTF-8"?>
<!-- Generated by org.testng.reporters.JUnitXMLReporter -->
<testsuite hostname="MaitriB.local" ignored="0" name="Login Test" tests="1" failures="1" timestamp="29 Jul 2020 15:34:59 GMT" time="0.717" errors="0">
  <testcase name="loginTest" time="0.014" classname="com.manifest.TestCases.LoginTest">
    <failure type="java.lang.AssertionError" message="Login test failed">
      <![CDATA[java.lang.AssertionError: Login test failed
	at com.manifest.TestCases.LoginTest.loginTest(LoginTest.java:29)
... Removed 29 stack frames]]>
    </failure>
  </testcase> <!-- loginTest -->
</testsuite> <!-- Login Test -->
